<?xml version="1.0" encoding="UTF-8"?>
<testsuite xmlns:xsi="http://www.w3.org/2001/XMLSchema-instance" xsi:noNamespaceSchemaLocation="https://maven.apache.org/surefire/maven-surefire-plugin/xsd/surefire-test-report-3.0.xsd" version="3.0" name="com.gastos.seguimiento.SeguimientoGastosApplicationTests" time="4.722" tests="1" errors="0" skipped="0" failures="0">
  <properties>
[...]
</properties>
  <testcase name="contextLoads" classname="com.gastos.seguimiento.SeguimientoGastosApplicationTests" time="0.014">
    <system-out><![CDATA[16:21:43.312 [main] INFO org.springframework.test.context.support.AnnotationConfigContextLoaderUtils -- Could not detect default configuration classes for test class [com.gastos.seguimiento.SeguimientoGastosApplicationTests]: SeguimientoGastosApplicationTests does not declare any static, non-private, non-final, nested classes annotated with @Configuration.
16:21:43.432 [main] INFO org.springframework.boot.test.context.SpringBootTestContextBootstrapper -- Found @SpringBootConfiguration com.gastos.seguimiento.SeguimientoGastosApplication for test class com.gastos.seguimiento.SeguimientoGastosApplicationTests

  .   ____          _            __ _ _
 /\\ / ___'_ __ _ _(_)_ __  __ _ \ \ \ \
( ( )\___ | '_ | '_| | '_ \/ _` | \ \ \ \
 \\/  ___)| |_)| | | | | || (_| |  ) ) ) )
  '  |____| .__|_| |_|_| |_\__, | / / / /
 =========|_|==============|___/=/_/_/_/

 :: Spring Boot ::                (v3.3.4)

2024-10-24T16:21:43.930-06:00  INFO 15816 --- [           main] c.g.s.SeguimientoGastosApplicationTests  : Starting SeguimientoGastosApplicationTests using Java 22.0.2 with PID 15816 (started by Emers in C:\Users\Emers\Downloads\gastos-seguimiento\seguimiento-gastos)
2024-10-24T16:21:43.933-06:00  INFO 15816 --- [           main] c.g.s.SeguimientoGastosApplicationTests  : No active profile set, falling back to 1 default profile: "default"
2024-10-24T16:21:44.656-06:00  INFO 15816 --- [           main] .s.d.r.c.RepositoryConfigurationDelegate : Bootstrapping Spring Data MongoDB repositories in DEFAULT mode.
2024-10-24T16:21:44.827-06:00  INFO 15816 --- [           main] .s.d.r.c.RepositoryConfigurationDelegate : Finished Spring Data repository scanning in 164 ms. Found 2 MongoDB repository interfaces.
AuthController initialized
2024-10-24T16:21:46.465-06:00  INFO 15816 --- [           main] org.mongodb.driver.client                : MongoClient with metadata {"driver": {"name": "mongo-java-driver|sync|spring-boot", "version": "5.0.1"}, "os": {"type": "Windows", "name": "Windows 11", "architecture": "amd64", "version": "10.0"}, "platform": "Java/Oracle Corporation/22.0.2+9-70"} created with settings MongoClientSettings{readPreference=primary, writeConcern=WriteConcern{w=null, wTimeout=null ms, journal=null}, retryWrites=true, retryReads=true, readConcern=ReadConcern{level=null}, credential=MongoCredential{mechanism=null, userName='ehernandez2019337', source='admin', password=<hidden>, mechanismProperties=<hidden>}, transportSettings=null, commandListeners=[], codecRegistry=ProvidersCodecRegistry{codecProviders=[ValueCodecProvider{}, BsonValueCodecProvider{}, DBRefCodecProvider{}, DBObjectCodecProvider{}, DocumentCodecProvider{}, CollectionCodecProvider{}, IterableCodecProvider{}, MapCodecProvider{}, GeoJsonCodecProvider{}, GridFSFileCodecProvider{}, Jsr310CodecProvider{}, JsonObjectCodecProvider{}, BsonCodecProvider{}, EnumCodecProvider{}, com.mongodb.client.model.mql.ExpressionCodecProvider@56ec6960, com.mongodb.Jep395RecordCodecProvider@7f8c3646, com.mongodb.KotlinCodecProvider@14b95942]}, loggerSettings=LoggerSettings{maxDocumentLength=1000}, clusterSettings={hosts=[127.0.0.1:27017], srvHost=cluster0.q9dcy.mongodb.net, srvServiceName=mongodb, mode=MULTIPLE, requiredClusterType=REPLICA_SET, requiredReplicaSetName='atlas-84u0a3-shard-0', serverSelector='null', clusterListeners='[]', serverSelectionTimeout='30000 ms', localThreshold='15 ms'}, socketSettings=SocketSettings{connectTimeoutMS=10000, readTimeoutMS=0, receiveBufferSize=0, proxySettings=ProxySettings{host=null, port=null, username=null, password=null}}, heartbeatSocketSettings=SocketSettings{connectTimeoutMS=10000, readTimeoutMS=10000, receiveBufferSize=0, proxySettings=ProxySettings{host=null, port=null, username=null, password=null}}, connectionPoolSettings=ConnectionPoolSettings{maxSize=100, minSize=0, maxWaitTimeMS=120000, maxConnectionLifeTimeMS=0, maxConnectionIdleTimeMS=0, maintenanceInitialDelayMS=0, maintenanceFrequencyMS=60000, connectionPoolListeners=[], maxConnecting=2}, serverSettings=ServerSettings{heartbeatFrequencyMS=10000, minHeartbeatFrequencyMS=500, serverListeners='[]', serverMonitorListeners='[]'}, sslSettings=SslSettings{enabled=true, invalidHostNameAllowed=false, context=null}, applicationName='null', compressorList=[], uuidRepresentation=JAVA_LEGACY, serverApi=null, autoEncryptionSettings=null, dnsClient=null, inetAddressResolver=null, contextProvider=null}
2024-10-24T16:21:46.535-06:00  INFO 15816 --- [dcy.mongodb.net] org.mongodb.driver.cluster               : Adding discovered server cluster0-shard-00-00.q9dcy.mongodb.net:27017 to client view of cluster
2024-10-24T16:21:46.586-06:00  INFO 15816 --- [dcy.mongodb.net] org.mongodb.driver.cluster               : Adding discovered server cluster0-shard-00-01.q9dcy.mongodb.net:27017 to client view of cluster
2024-10-24T16:21:46.590-06:00  INFO 15816 --- [dcy.mongodb.net] org.mongodb.driver.cluster               : Adding discovered server cluster0-shard-00-02.q9dcy.mongodb.net:27017 to client view of cluster
2024-10-24T16:21:47.044-06:00  INFO 15816 --- [           main] r$InitializeUserDetailsManagerConfigurer : Global AuthenticationManager configured with UserDetailsService bean with name JWTUserDetailsService
2024-10-24T16:21:47.437-06:00  INFO 15816 --- [ngodb.net:27017] org.mongodb.driver.cluster               : Monitor thread successfully connected to server with description ServerDescription{address=cluster0-shard-00-02.q9dcy.mongodb.net:27017, type=REPLICA_SET_PRIMARY, state=CONNECTED, ok=true, minWireVersion=0, maxWireVersion=21, maxDocumentSize=16777216, logicalSessionTimeoutMinutes=30, roundTripTimeNanos=427483300, setName='atlas-84u0a3-shard-0', canonicalAddress=cluster0-shard-00-02.q9dcy.mongodb.net:27017, hosts=[cluster0-shard-00-00.q9dcy.mongodb.net:27017, cluster0-shard-00-01.q9dcy.mongodb.net:27017, cluster0-shard-00-02.q9dcy.mongodb.net:27017], passives=[], arbiters=[], primary='cluster0-shard-00-02.q9dcy.mongodb.net:27017', tagSet=TagSet{[Tag{name='availabilityZone', value='use1-az6'}, Tag{name='diskState', value='READY'}, Tag{name='nodeType', value='ELECTABLE'}, Tag{name='provider', value='AWS'}, Tag{name='region', value='US_EAST_1'}, Tag{name='workloadType', value='OPERATIONAL'}]}, electionId=7fffffff000000000000023c, setVersion=124, topologyVersion=TopologyVersion{processId=67175cb8f527ab0ebd2fe8f6, counter=6}, lastWriteDate=Thu Oct 24 16:21:47 CST 2024, lastUpdateTimeNanos=155057685219200}
2024-10-24T16:21:47.437-06:00  INFO 15816 --- [ngodb.net:27017] org.mongodb.driver.cluster               : Monitor thread successfully connected to server with description ServerDescription{address=cluster0-shard-00-01.q9dcy.mongodb.net:27017, type=REPLICA_SET_SECONDARY, state=CONNECTED, ok=true, minWireVersion=0, maxWireVersion=21, maxDocumentSize=16777216, logicalSessionTimeoutMinutes=30, roundTripTimeNanos=427483300, setName='atlas-84u0a3-shard-0', canonicalAddress=cluster0-shard-00-01.q9dcy.mongodb.net:27017, hosts=[cluster0-shard-00-00.q9dcy.mongodb.net:27017, cluster0-shard-00-01.q9dcy.mongodb.net:27017, cluster0-shard-00-02.q9dcy.mongodb.net:27017], passives=[], arbiters=[], primary='cluster0-shard-00-02.q9dcy.mongodb.net:27017', tagSet=TagSet{[Tag{name='availabilityZone', value='use1-az4'}, Tag{name='diskState', value='READY'}, Tag{name='nodeType', value='ELECTABLE'}, Tag{name='provider', value='AWS'}, Tag{name='region', value='US_EAST_1'}, Tag{name='workloadType', value='OPERATIONAL'}]}, electionId=null, setVersion=124, topologyVersion=TopologyVersion{processId=67175eee743aed36c0a69c3c, counter=3}, lastWriteDate=Thu Oct 24 16:21:47 CST 2024, lastUpdateTimeNanos=155057685219200}
2024-10-24T16:21:47.439-06:00  INFO 15816 --- [ngodb.net:27017] org.mongodb.driver.cluster               : Monitor thread successfully connected to server with description ServerDescription{address=cluster0-shard-00-00.q9dcy.mongodb.net:27017, type=REPLICA_SET_SECONDARY, state=CONNECTED, ok=true, minWireVersion=0, maxWireVersion=21, maxDocumentSize=16777216, logicalSessionTimeoutMinutes=30, roundTripTimeNanos=427460700, setName='atlas-84u0a3-shard-0', canonicalAddress=cluster0-shard-00-00.q9dcy.mongodb.net:27017, hosts=[cluster0-shard-00-00.q9dcy.mongodb.net:27017, cluster0-shard-00-01.q9dcy.mongodb.net:27017, cluster0-shard-00-02.q9dcy.mongodb.net:27017], passives=[], arbiters=[], primary='cluster0-shard-00-02.q9dcy.mongodb.net:27017', tagSet=TagSet{[Tag{name='availabilityZone', value='use1-az2'}, Tag{name='diskState', value='READY'}, Tag{name='nodeType', value='ELECTABLE'}, Tag{name='provider', value='AWS'}, Tag{name='region', value='US_EAST_1'}, Tag{name='workloadType', value='OPERATIONAL'}]}, electionId=null, setVersion=124, topologyVersion=TopologyVersion{processId=67175d9ecae86484cdb7b6e2, counter=4}, lastWriteDate=Thu Oct 24 16:21:47 CST 2024, lastUpdateTimeNanos=155057685219200}
2024-10-24T16:21:47.443-06:00  INFO 15816 --- [ngodb.net:27017] org.mongodb.driver.cluster               : Discovered replica set primary cluster0-shard-00-02.q9dcy.mongodb.net:27017 with max election id 7fffffff000000000000023c and max set version 124
2024-10-24T16:21:47.807-06:00  INFO 15816 --- [           main] c.g.s.SeguimientoGastosApplicationTests  : Started SeguimientoGastosApplicationTests in 4.229 seconds (process running for 6.208)
]]></system-out>
  </testcase>
</testsuite>